[2025-06-02T16:03:10.790Z] GET /
[2025-06-02T16:03:12.842Z] GET /
[2025-06-02T16:03:13.210Z] GET /
[2025-06-02T16:03:13.865Z] GET /
[2025-06-02T16:03:22.309Z] GET /stats
[2025-06-02T16:03:24.547Z] GET /stats
[2025-06-02T16:03:24.908Z] GET /stats
[2025-06-02T16:03:25.224Z] GET /stats
[2025-06-02T16:03:29.236Z] GET /acceso
[2025-06-02T16:03:33.518Z] GET /acceso
[2025-06-02T16:03:33.841Z] GET /acceso
[2025-06-02T16:03:34.024Z] GET /acceso
[2025-06-02T16:04:33.530Z] GET /acceso
[2025-06-02T16:04:33.810Z] GET /acceso
[2025-06-02T16:04:33.928Z] GET /acceso
[Mon Jun 02 2025 18:05:09 GMT+0200 (hora de verano de Europa central)] GET /acceso
[Mon Jun 02 2025 18:05:09 GMT+0200 (hora de verano de Europa central)] GET /acceso
[Mon Jun 02 2025 18:09:44 GMT+0200 (hora de verano de Europa central)] GET /logsAcceso
[Mon Jun 02 2025 18:38:46 GMT+0200 (hora de verano de Europa central)] POST /logsAcceso
[Mon Jun 02 2025 18:39:10 GMT+0200 (hora de verano de Europa central)] GET /logsAcceso
